Build started 12/1/2014 11:18:17 AM.
     1>Project "c:\Users\mvc\documents\visual studio 2010\Projects\GaddisCh13Prob8\GaddisCh13Prob8\GaddisCh13Prob8.vcxproj" on node 2 (build target(s)).
     1>InitializeBuildStatus:
         Creating "Debug\GaddisCh13Prob8.unsuccessfulbuild" because "AlwaysCreate" was specified.
       ClCompile:
         c:\Program Files (x86)\Microsoft Visual Studio 10.0\VC\bin\CL.exe /c /ZI /nologo /W3 /WX- /Od /Oy- /D _MBCS /Gm /EHsc /RTC1 /MDd /GS /fp:precise /Zc:wchar_t /Zc:forScope /Fo"Debug\\" /Fd"Debug\vc100.pdb" /Gd /TP /analyze- /errorReport:prompt main.cpp
         main.cpp
       Link:
         c:\Program Files (x86)\Microsoft Visual Studio 10.0\VC\bin\link.exe /ERRORREPORT:PROMPT /OUT:"c:\users\mvc\documents\visual studio 2010\Projects\GaddisCh13Prob8\Debug\GaddisCh13Prob8.exe" /NOLOGO kernel32.lib user32.lib gdi32.lib winspool.lib comdlg32.lib advapi32.lib shell32.lib ole32.lib oleaut32.lib uuid.lib odbc32.lib odbccp32.lib /MANIFEST /ManifestFile:"Debug\GaddisCh13Prob8.exe.intermediate.manifest" /MANIFESTUAC:"level='asInvoker' uiAccess='false'" /DEBUG /PDB:"c:\users\mvc\documents\visual studio 2010\Projects\GaddisCh13Prob8\Debug\GaddisCh13Prob8.pdb" /TLBID:1 /DYNAMICBASE /NXCOMPAT /IMPLIB:"c:\users\mvc\documents\visual studio 2010\Projects\GaddisCh13Prob8\Debug\GaddisCh13Prob8.lib" /MACHINE:X86 Debug\main.obj
         Debug\TestScore.obj
         LINK : c:\users\mvc\documents\visual studio 2010\Projects\GaddisCh13Prob8\Debug\GaddisCh13Prob8.exe not found or not built by the last incremental link; performing full link
         GaddisCh13Prob8.vcxproj -> c:\users\mvc\documents\visual studio 2010\Projects\GaddisCh13Prob8\Debug\GaddisCh13Prob8.exe
       Manifest:
         C:\Program Files (x86)\Microsoft SDKs\Windows\v7.0A\bin\mt.exe /nologo /verbose /outputresource:"c:\users\mvc\documents\visual studio 2010\Projects\GaddisCh13Prob8\Debug\GaddisCh13Prob8.exe;#1" /manifest Debug\GaddisCh13Prob8.exe.intermediate.manifest
       FinalizeBuildStatus:
         Deleting file "Debug\GaddisCh13Prob8.unsuccessfulbuild".
         Touching "Debug\GaddisCh13Prob8.lastbuildstate".
     1>Done Building Project "c:\Users\mvc\documents\visual studio 2010\Projects\GaddisCh13Prob8\GaddisCh13Prob8\GaddisCh13Prob8.vcxproj" (build target(s)).

Build succeeded.

Time Elapsed 00:00:00.62
